   1 0000               # File:		$Id$
   2 0000               # Author:	J. Heliotis, (author's version 1.3)
   3 0000               # Contributors:	K. Reek, 
   4 0000               # 		P. White, 
   5 0000               #		<<<Patrick Godard>>>
   6 0000               # Description:	This program reads a description of a geometric
   7 0000               #		figure from standard input and displays some
   8 0000               #		further information about it. Currently, the
   9 0000               #		program handles two types of figures: blocks
  10 0000               #		(rectangles) and circles.
  11 0000               #
  12 0000               # Purpose:	To demonstrate the implementation of polymorphic
  13 0000               #		subroutine calls
  14 0000               #
  15 0000               # Revisions:	$Log$
  16 0000               #		4/1/04	M. Reek changed to use MIPS linkage conventions
  17 0000               #
  18 0000               # CONSTANTS
  19 0000               #
  20 0000               # syscall codes
  21 0000               PRINT_INT =	1
  22 0000               PRINT_STRING = 	4
  23 0000               READ_INT = 	5
  24 0000               READ_STRING =	8
  25 0000               
  26 0000               # various frame sizes used by different routines
  27 0000               
  28 0000               FRAMESIZE_8 = 	8
  29 0000               FRAMESIZE_24 =	24
  30 0000               FRAMESIZE_40 =	40
  31 0000               FRAMESIZE_48 =	48
  32 0000               
  33 0000               	.data
  34 0000               	.align 2
  35 0000               
  36 0000               	#
  37 0000               	# Memory for allocating up to 100 figures.
  38 0000               	#
  39 0000               next:	
  40 0000 00000004		.word	pool		# ptr into the pool where next free
  41 0004               				# space is located
  42 0004               pool:	
  43 0004 00000000		.space	1200		# room for 100 figures
          00000000
          00000000
          00000000
          00000000
          00000000
  44 04b4               pool_end:			# a marker for the end of the free space
  45 04b4 00000000		.word	0		# used to tell us if we are out of mem
  46 04b8               
  47 04b8               fig_width:
  48 04b8 00000000		.word	0
  49 04bc               fig_height:
  50 04bc 00000000		.word	0
  51 04c0               
  52 04c0               	.align 0
  53 04c0               fig_char:
  54 04c0 30313233		.asciiz	"0123456789"	# I know this isn't a character, but
          34353637
          383900  
  55 04cb               				# SPIMs only has read_string, which 
  56 04cb               				# reads to eol and then null
  57 04cb               				# terminates the string it read in
  58 04cb               
  59 04cb               	#
  60 04cb               	# some constants for the code
  61 04cb               	#
  62 04cb               PI	= 3			# an bad integer approx. to pi, 3.14159...
  63 04cb               
  64 04cb               char_c:	
  65 04cb 43      		.ascii	"C"
  66 04cc               char_b:	
  67 04cc 42      		.ascii	"B"
  68 04cd               
  69 04cd               new_error:
  70 04cd 4F757420		.asciiz	"Out of memory for allocating figures.\n"
          6F66206D
          656D6F72
          7920666F
          7220616C
          6C6F6361
  71 04f4               
  72 04f4               figure_type_error_string:
  73 04f4 496C6C65		.asciiz	"Illegal figure type\n"
          67616C20
          66696775
          72652074
          7970650A
          00      
  74 0509               
  75 0509               circle_string:
  76 0509 43697263		.asciiz	"Circle ("
          6C652028
          00      
  77 0512               
  78 0512               block_string:
  79 0512 426C6F63		.asciiz	"Block ("
          6B202800
  80 051a               
  81 051a               comma_string:
  82 051a 2C00    		.asciiz	","
  83 051c               
  84 051c               area_string:
  85 051c 29202D20		.asciiz	") - area = "
          61726561
          203D2000
  86 0528               
  87 0528               perimeter_string:
  88 0528 3B207065		.asciiz	"; perimeter = "
          72696D65
          74657220
          3D2000  
  89 0537               
  90 0537               new_line:
  91 0537 0A00    		.asciiz	"\n"
  92 0539               
  93 0539               #
  94 0539               # Name:		MAIN PROGRAM
  95 0539               #
  96 0539               # Description:	Main logic for the program.
  97 0539               #
  98 0539               #		The program reads three values from standard input:
  99 0539               #		1) a character representing the type of figure to create
 100 0539               #		2) an integer representing the width of the bounding box
 101 0539               #			of the figure
 102 0539               #		3) an integer representing the height of the bounding box
 103 0539               #			of the figure
 104 0539               #
 105 0539               #		After creating the specified figure object, the program then
 106 0539               #		displays all available information on the object created.
 107 0539               #
 108 0539               
 109 0000               	.text			# this is program code
 110 0000               	.align 2		# instructions must be on word boundaries
 111 0000               	.globl main		# main is a global label
 112 0000               
 113 0000               main:
 114 0000               	# allocate stack frame according to formula & save state
 115 0000               
 116 0000 23BDFFE8		addi 	$sp, $sp,-FRAMESIZE_24   	
 117 0004 AFBF0014		sw 	$ra, -4+FRAMESIZE_24($sp)	
 118 0008 AFB10010		sw 	$s1, -8+FRAMESIZE_24($sp)
 119 000c AFB0000C		sw 	$s0, -12+FRAMESIZE_24($sp)
 120 0010               
 121 0010               	#
 122 0010               	# Read the character representing the figure type
 123 0010               	#
 124 0010               
 125 0010 34020008		li 	$v0, READ_STRING	# read a string	
 126 0014 3C040000		la 	$a0, fig_char	# place to store the char read in
     0018 34840000
 127 001c 20050009		addi	$a1, $zero, 9	# the number of characters to read
 128 0020 0000000C		syscall
 129 0024               
 130 0024               	#
 131 0024               	# Read the width into r1
 132 0024               	#
 133 0024 34020005		li	$v0, READ_INT
 134 0028 0000000C		syscall
 135 002c 00408021		move	$s0, $v0
 136 0030               
 137 0030               	#
 138 0030               	# Read the height into r2
 139 0030               	#
 140 0030 34020005		li	$v0, READ_INT
 141 0034 0000000C		syscall
 142 0038 00408821		move	$s1, $v0
 143 003c               
 144 003c               	#
 145 003c               	# Do the output
 146 003c               	#
 147 003c 02002021		move	$a0, $s0
 148 0040 02202821		move	$a1, $s1
 149 0044 0C000075		jal	output_figures
 150 0048               
 151 0048               #
 152 0048               # All done -- exit the program!
 153 0048               #
 154 0048 8FBF0014		lw 	$ra, -4+FRAMESIZE_24($sp)	
 155 004c 8FB10010		lw 	$s1, -8+FRAMESIZE_24($sp)
 156 0050 8FB0000C		lw 	$s0, -12+FRAMESIZE_24($sp)
 157 0054               
 158 0054 23BD0018		addi 	$sp, $sp, FRAMESIZE_24   	
 159 0058 03E00008		jr 	$ra		# return from main and exit spim
 160 005c               	
 161 005c               
 162 005c               # ***********************************************************************
 163 005c               # *                                                                     *
 164 005c               # * THIS IS THE START OF EXPERIMENT-SPECIFIC CODE                       *
 165 005c               # *                                                                     *
 166 005c               # ***********************************************************************
 167 005c               
 168 005c               # Name:		Constants to keep in mind while working with figures
 169 005c               #
 170 005c               
 171 005c               # A Figure contains three words 
 172 005c               #		address of virtual function table at offset 0 in fig object
 173 005c               #		figure width 	at offset 4 in fig object
 174 005c               #		figure height 	at offset 8 in fig object
 175 005c               # Making the figures size as 12 bytes
 176 005c               
 177 005c               # A Figure virtual function table contains two function addresses (words):
 178 005c               #		addr area function 	at offset 0 in vtable
 179 005c               #		addr perimeter function	at offset 4 in vtable
 180 005c               #
 181 005c               
 182 005c               #
 183 005c               # Name:		new_figure
 184 005c               #
 185 005c               # Description:	Allocate space for a new figure from the pool of
 186 005c               #		available space. Luckily, both subclasses of FIGURE
 187 005c               #		take up the same amount of space.
 188 005c               #
 189 005c               # Arguments:	None.
 190 005c               # Returns:	v0: the address of the newly allocated figure.
 191 005c               #
 192 005c               
 193 005c               new_figure:
 194 005c               	#
 195 005c               	# See if there is any space left in the pool.
 196 005c               	#
 197 005c               
 198 005c 3C010000		lw	$t0, next
     0060 8C280000
 199 0064 3C090000		la	$t1, pool_end
     0068 35290000
 200 006c               
 201 006c 0109502A		slt	$t2, $t0, $t1	# Compare next addr to end of pool
 202 0070 15400006		bne	$t2, $zero, new_figure_ok	#  if less, still have space
 203 0074               
 204 0074               	#
 205 0074               	# No space left; write error message and exit.
 206 0074               	#
 207 0074               
 208 0074 34020004		li 	$v0, PRINT_STRING	# print error message
 209 0078 3C040000		la 	$a0, new_error
     007c 34840000
 210 0080 0000000C		syscall	
 211 0084               
 212 0084 3402000A		li 	$v0, 10		# terminate program
 213 0088 0000000C		syscall	
 214 008c               
 215 008c               new_figure_ok:
 216 008c               	#
 217 008c               	# There is space available.  Allocate the next figure, and
 218 008c               	# initialize all of its fields.
 219 008c               	#
 220 008c               
 221 008c 01001021		move	$v0, $t0	# set up to return spot for new figure
 222 0090 2108000C		addi	$t0, $t0, 12	# Adjust pointer to next figure
 223 0094 3C010000		sw	$t0, next
     0098 AC280000
 224 009c               
 225 009c               	#
 226 009c               	# Clear all fields.
 227 009c               	#
 228 009c               
 229 009c AC400000		sw	$zero, 0($v0)
 230 00a0 AC400004		sw	$zero, 4($v0)
 231 00a4 AC400008		sw	$zero, 8($v0)
 232 00a8               
 233 00a8 03E00008		jr	$ra
 234 00ac               
 235 00ac               
 236 00ac               #
 237 00ac               # Name:		figure_make
 238 00ac               #
 239 00ac               # Description:	Initialize the components of the figure object.
 240 00ac               #		Since FIGURE is an abstract class, it is expected that
 241 00ac               #		the creation subroutines for child classes will call this
 242 00ac               #		subroutine.
 243 00ac               #
 244 00ac               # Arguments:	a0 contains the height of the figure's bounding box
 245 00ac               #		a1 contains the width of the figure's bounding box
 246 00ac               #		a2 contains the address of the figure object
 247 00ac               #
 248 00ac               figure_make:
 249 00ac               
 250 00ac ACC50004		sw 	$a1, 4($a2)	# store the width in the fig object
 251 00b0 ACC40008		sw 	$a0, 8($a2)	# store the height in the fig object
 252 00b4               
 253 00b4 03E00008		jr	$ra
 254 00b8               
 255 00b8               # CODE FOR FIGURE SUBCLASS BLOCK
 256 00b8               
 257 00b8               #***** BEGIN STUDENT CODE BLOCK 1 ********************************
 258 00b8               #
 259 00b8               # Using the circle code below as your guide, write everything
 260 00b8               # necessary to implement the FIGURE child class called BLOCK.
 261 00b8               # This involves defining BLOCK's virtual function table, its
 262 00b8               # creation routine, block_make, and its two virtual (polymorphic)
 263 00b8               # functions, block_area and block_perimeter.
 264 00b8               #
 265 0539               .data
 266 0539 000000  		.align	2
 267 053c               
 268 053c               block_vtbl:
 269 053c 00000000		.word	block_area
 270 0540 00000000		.word	block_perimeter
 271 0544               
 272 00b8               	.text
 273 00b8               
 274 00b8               #************************************
 275 00b8               #
 276 00b8               # Name:		block_make
 277 00b8               #
 278 00b8               # Description:	Initialize the components of the block object
 279 00b8               #		All this subroutine does is set the virtual function
 280 00b8               #		table, then call figure_make.
 281 00b8               #
 282 00b8               # Arguments:	a0 contains the height of the figure's bounding box
 283 00b8               #		a1 contains the width of the figure's bounding box
 284 00b8               #		a2 contains the address of the figure object
 285 00b8               #
 286 00b8               
 287 00b8               block_make:
 288 00b8 23BDFFF8		addi 	$sp, $sp,-FRAMESIZE_8
 289 00bc AFBF0004		sw 	$ra, -4+FRAMESIZE_8($sp)
 290 00c0               
 291 00c0 3C090000		la	$t1, block_vtbl	# get block's vtable pointer
     00c4 35290000
 292 00c8 ACC90000		sw	$t1, 0($a2)	# put block's vtable pointer into this fig
 293 00cc               				# object
 294 00cc 0C00002B		jal	figure_make
 295 00d0               
 296 00d0 8FBF0004		lw 	$ra, -4+FRAMESIZE_8($sp)  # get ra off stack, and restore
 297 00d4 23BD0008		addi 	$sp, $sp, FRAMESIZE_8
 298 00d8 03E00008		jr	$ra
 299 00dc               
 300 00dc               #
 301 00dc               # Name:		block_area
 302 00dc               #
 303 00dc               # Description:	Compute the area of the block figure
 304 00dc               #
 305 00dc               # Arguments:	a0 contains the address of the figure object
 306 00dc               #
 307 00dc               # Returns:	v0 contains the area
 308 00dc               #
 309 00dc               block_area:
 310 00dc 23BDFFF8		addi 	$sp, $sp,-FRAMESIZE_8
 311 00e0 AFBF0004		sw 	$ra, -4+FRAMESIZE_8($sp)
 312 00e4               
 313 00e4 8C880004		lw	$t0, 4($a0)	# get fig's width
 314 00e8 8C890008		lw	$t1, 8($a0)	# get fig's height
 315 00ec               	
 316 00ec 01090018		mul $v0, $t0, $t1
     00f0 00001012
 317 00f4               
 318 00f4 8FBF0004		lw 	$ra, -4+FRAMESIZE_8($sp)	# restore ra from stack
 319 00f8 23BD0008		addi 	$sp, $sp, FRAMESIZE_8
 320 00fc 03E00008		jr	$ra
 321 0100               	
 322 0100               #
 323 0100               # Name:		block_perimeter
 324 0100               #
 325 0100               # Description:	Compute the perimeter of the block figure
 326 0100               #
 327 0100               # Arguments:	a0 contains the address of the figure object
 328 0100               #
 329 0100               # Returns:	v0 contains the perimeter
 330 0100               #
 331 0100               block_perimeter:
 332 0100 23BDFFF8		addi 	$sp, $sp,-FRAMESIZE_8
 333 0104 AFBF0004		sw 	$ra, -4+FRAMESIZE_8($sp)
 334 0108               	
 335 0108 8C880004		lw	$t0, 4($a0)	# get fig's width
 336 010c 8C890008		lw	$t1, 8($a0)	# get fig's height
 337 0110               	
 338 0110 340A0002		li $t2, 2
 339 0114 010A0018		mul $t3, $t0, $t2
     0118 00005812
 340 011c 012A0018		mul $t4, $t1, $t2
     0120 00006012
 341 0124 016C1020		add $v0, $t3, $t4
 342 0128               
 343 0128 8FBF0004		lw 	$ra, -4+FRAMESIZE_8($sp)	# restore ra from stack
 344 012c 23BD0008		addi 	$sp, $sp, FRAMESIZE_8
 345 0130 03E00008		jr	$ra
 346 0134               
 347 0134               	
 348 0134               
 349 0134               #***** END STUDENT CODE BLOCK 1 **********************************
 350 0134               
 351 0134               # CODE FOR FIGURE SUBCLASS CIRCLE
 352 0134               
 353 0134               #************************************
 354 0544               	.data
 355 0544               	.align	2
 356 0544               
 357 0544               circle_vtbl:
 358 0544 00000000		.word	circle_area
 359 0548 00000000		.word	circle_perimeter
 360 054c               
 361 0134               	.text
 362 0134               #************************************
 363 0134               #
 364 0134               # Name:		circle_make
 365 0134               #
 366 0134               # Description:	Initialize the components of the circle object
 367 0134               #		All this subroutine does is set the virtual function
 368 0134               #		table, then call figure_make.
 369 0134               #
 370 0134               # Arguments:	a0 contains the height of the figure's bounding box
 371 0134               #		a1 contains the width of the figure's bounding box
 372 0134               #		a2 contains the address of the figure object
 373 0134               #
 374 0134               
 375 0134               circle_make:
 376 0134 23BDFFF8		addi 	$sp, $sp,-FRAMESIZE_8
 377 0138 AFBF0004		sw 	$ra, -4+FRAMESIZE_8($sp)
 378 013c               
 379 013c 3C090000		la	$t1, circle_vtbl	# get circle's vtable pointer
     0140 35290000
 380 0144 ACC90000		sw	$t1, 0($a2)	# put circle's vtable pointer into this fig
 381 0148               				# object
 382 0148 0C00002B		jal	figure_make
 383 014c               
 384 014c 8FBF0004		lw 	$ra, -4+FRAMESIZE_8($sp)  # get ra off stack, and restore
 385 0150 23BD0008		addi 	$sp, $sp, FRAMESIZE_8
 386 0154 03E00008		jr	$ra
 387 0158               
 388 0158               #
 389 0158               # Name:		circle_area
 390 0158               #
 391 0158               # Description:	Compute the area of the circle figure
 392 0158               #
 393 0158               # Arguments:	a0 contains the address of the figure object
 394 0158               #
 395 0158               # Returns:	v0 contains the area
 396 0158               #
 397 0158               circle_area:
 398 0158 23BDFFF8		addi 	$sp, $sp,-FRAMESIZE_8
 399 015c AFBF0004		sw 	$ra, -4+FRAMESIZE_8($sp)
 400 0160               
 401 0160 34190003		li	$t9, PI		# get our int approx. for PI = 3
 402 0164               
 403 0164 0C00006D		jal	circle_diameter	# get my diameter in v0
 404 0168               	
 405 0168 34010002		div	$t0, $v0, 2	# t0 = radius
     016c 0041001A
     0170 00004012
 406 0174 01080018		mul	$t1, $t0, $t0	# t1 = radius squared
     0178 00004812
 407 017c 01390018		mul	$v0, $t1, $t9	# v0 = PI * radius squared
     0180 00001012
 408 0184               
 409 0184 8FBF0004		lw 	$ra, -4+FRAMESIZE_8($sp)	# restore ra from stack
 410 0188 23BD0008		addi 	$sp, $sp, FRAMESIZE_8
 411 018c 03E00008		jr	$ra
 412 0190               
 413 0190               #
 414 0190               # Name:		circle_perimeter
 415 0190               #
 416 0190               # Description:	Compute the perimeter of the circle figure
 417 0190               #
 418 0190               # Arguments:	a0 contains the address of the figure object
 419 0190               #
 420 0190               # Returns:	v0 contains the perimeter
 421 0190               #
 422 0190               circle_perimeter:
 423 0190 23BDFFF8		addi 	$sp, $sp,-FRAMESIZE_8
 424 0194 AFBF0004		sw 	$ra, -4+FRAMESIZE_8($sp)
 425 0198               
 426 0198 34190003		li	$t9, PI		# get our int approx. for PI = 3
 427 019c               
 428 019c 0C00006D		jal	circle_diameter	# get my diameter in v0
 429 01a0               	
 430 01a0 00590018		mul	$v0, $v0, $t9	# v0 = PI * diameter
     01a4 00001012
 431 01a8               
 432 01a8 8FBF0004		lw 	$ra, -4+FRAMESIZE_8($sp)	# restore ra from stack
 433 01ac 23BD0008		addi 	$sp, $sp, FRAMESIZE_8
 434 01b0 03E00008		jr	$ra
 435 01b4               
 436 01b4               #
 437 01b4               # Name:		circle_diameter
 438 01b4               #
 439 01b4               # Description:	Compute the diameter of the circle figure
 440 01b4               #
 441 01b4               # Arguments:	a0 contains the address of the figure object
 442 01b4               #
 443 01b4               # Returns:	v0 contains the diameter
 444 01b4               #
 445 01b4               circle_diameter:
 446 01b4 8C880004		lw	$t0, 4($a0)	# get fig's width
 447 01b8 8C890008		lw	$t1, 8($a0)	# get fig's height
 448 01bc               
 449 01bc 0109502A		slt	$t2, $t0, $t1	# see if width < height
 450 01c0 11400002		beq	$t2, $zero, cd_height_bigger
 451 01c4               
 452 01c4 01001021		move	$v0, $t0	# width is smaller
 453 01c8 03E00008		jr	$ra
 454 01cc               
 455 01cc               cd_height_bigger:
 456 01cc 01201021		move	$v0, $t1	# height is smaller
 457 01d0 03E00008		jr	$ra
 458 01d4               
 459 01d4               #
 460 01d4               # Name:		output_figures
 461 01d4               #
 462 01d4               # Description:	Given the paramters for a figure, make one and print out
 463 01d4               #		its attributes.
 464 01d4               #
 465 01d4               # Arguments:	fig_char: Character representing figure type
 466 01d4               #		a0: width
 467 01d4               #		a1: height
 468 01d4               #
 469 01d4               #
 470 01d4               output_figures:
 471 01d4 23BDFFD0		addi	$sp, $sp,-FRAMESIZE_48
 472 01d8 AFBF002C		sw	$ra, -4+FRAMESIZE_48($sp)
 473 01dc AFB70028		sw	$s7, -8+FRAMESIZE_48($sp)
 474 01e0 AFB60024		sw	$s6, -12+FRAMESIZE_48($sp)
 475 01e4 AFB50020		sw	$s5, -16+FRAMESIZE_48($sp)
 476 01e8 AFB4001C		sw	$s4, -20+FRAMESIZE_48($sp)
 477 01ec AFB30018		sw	$s3, -24+FRAMESIZE_48($sp)
 478 01f0 AFB20014		sw	$s2, -28+FRAMESIZE_48($sp)
 479 01f4 AFB10010		sw	$s1, -32+FRAMESIZE_48($sp)
 480 01f8 AFB0000C		sw	$s0, -36+FRAMESIZE_48($sp)
 481 01fc               
 482 01fc 00809821		move	$s3, $a0	# s3 will be the width
 483 0200 00A0A021		move	$s4, $a1	# s4 will be the height
 484 0204               
 485 0204 0C000017		jal	new_figure	# create a new figure
 486 0208 00408821		move	$s1, $v0	# save the pointer to the fig object
 487 020c               
 488 020c               	#
 489 020c               	# Now, see which one we should make
 490 020c               	#
 491 020c               
 492 020c 3C010000		lbu	$s6, char_c	# get our characters for comparison
     0210 90360000
 493 0214 3C010000		lbu	$s7, char_b
     0218 90370000
 494 021c               
 495 021c 3C010000		lbu	$s5, fig_char	# get the type of fig to create
     0220 90350000
 496 0224               
 497 0224 16B6000B		bne	$s5, $s6, not_circle  # see if creating a circle
 498 0228               	#
 499 0228               	# Set up the arguments to the circle_make call
 500 0228               	# 	a0 contains the height of the figure's bounding box
 501 0228               	# 	a1 contains the width of the figure's bounding box
 502 0228               	#	a2 contains the address of the figure object
 503 0228               	#
 504 0228 02802021		move	$a0, $s4		# s4 was the height
 505 022c 02602821		move	$a1, $s3		# s3 was the width
 506 0230 02203021		move	$a2, $s1		# s1 was the location of new fig object
 507 0234 0C00004D		jal	circle_make
 508 0238               
 509 0238               
 510 0238               	#
 511 0238               	# Print "Circle ("
 512 0238               	#
 513 0238               
 514 0238 34020004		li 	$v0, PRINT_STRING	# print a "Circle ("
 515 023c 3C040000		la 	$a0, circle_string
     0240 34840000
 516 0244 0000000C		syscall	
 517 0248               
 518 0248 02202021		move	$a0, $s1		# send the pointer to the fig object
 519 024c               				# as the arg. to print_rest
 520 024c 0C0000B0		jal	print_rest	# print rest of info of the fig
 521 0250 080000A5		j 	done_output
 522 0254               
 523 0254               
 524 0254               not_circle:
 525 0254 16B7000B		bne	$s5, $s7, not_anything  # see if creating a block
 526 0258               	#
 527 0258               	# Set up the arguments to the block_make call
 528 0258               	# 	a0 contains the height of the figure's bounding box
 529 0258               	# 	a1 contains the width of the figure's bounding box
 530 0258               	#	a2 contains the address of the figure object
 531 0258               	#
 532 0258 02802021		move	$a0, $s4		# s4 was the height
 533 025c 02602821		move	$a1, $s3		# s3 was the width
 534 0260 02203021		move	$a2, $s1		# s1 was the location of new fig object
 535 0264 0C00002E		jal	block_make
 536 0268               
 537 0268               
 538 0268               	#
 539 0268               	# Print "Block ("
 540 0268               	#
 541 0268               
 542 0268 34020004		li 	$v0, PRINT_STRING	# print a "Block ("
 543 026c 3C040000		la 	$a0, block_string
     0270 34840000
 544 0274 0000000C		syscall	
 545 0278               
 546 0278 02202021		move	$a0, $s1		# send the pointer to the fig object
 547 027c               				# as the arg. to print_rest
 548 027c 0C0000B0		jal	print_rest	# print rest of info of the fig
 549 0280 080000A5		j 	done_output
 550 0284               
 551 0284               not_anything:
 552 0284               	#
 553 0284               	# Print error message
 554 0284               	#
 555 0284               
 556 0284 34020004		li 	$v0, PRINT_STRING
 557 0288 3C040000		la 	$a0, figure_type_error_string
     028c 34840000
 558 0290 0000000C		syscall	
 559 0294               
 560 0294               	#
 561 0294               	# exit
 562 0294               	#
 563 0294               
 564 0294               done_output:
 565 0294 8FBF002C		lw	$ra, -4+FRAMESIZE_48($sp)
 566 0298 8FB70028		lw	$s7, -8+FRAMESIZE_48($sp)
 567 029c 8FB60024		lw	$s6, -12+FRAMESIZE_48($sp)
 568 02a0 8FB50020		lw	$s5, -16+FRAMESIZE_48($sp)
 569 02a4 8FB4001C		lw	$s4, -20+FRAMESIZE_48($sp)
 570 02a8 8FB30018		lw	$s3, -24+FRAMESIZE_48($sp)
 571 02ac 8FB20014		lw	$s2, -28+FRAMESIZE_48($sp)
 572 02b0 8FB10010		lw	$s1, -32+FRAMESIZE_48($sp)
 573 02b4 8FB0000C		lw	$s0, -36+FRAMESIZE_48($sp)
 574 02b8 23BD0030		addi	$sp, $sp, FRAMESIZE_48
 575 02bc               
 576 02bc 03E00008		jr	$ra
 577 02c0               
 578 02c0               #
 579 02c0               # Name:		print_rest
 580 02c0               #
 581 02c0               # Description:	prints out the information about a figure
 582 02c0               #
 583 02c0               # Arguments:	a0: contains the address of the figure object
 584 02c0               #
 585 02c0               
 586 02c0               print_rest:
 587 02c0               	#
 588 02c0               	# Save all the S registers & ra
 589 02c0               	#
 590 02c0 23BDFFD8		addi	$sp, $sp,-FRAMESIZE_40
 591 02c4 AFBF0024		sw	$ra, -4+FRAMESIZE_40($sp)
 592 02c8 AFB70020		sw	$s7, -8+FRAMESIZE_40($sp)
 593 02cc AFB6001C		sw	$s6, -12+FRAMESIZE_40($sp)
 594 02d0 AFB50018		sw	$s5, -16+FRAMESIZE_40($sp)
 595 02d4 AFB40014		sw	$s4, -20+FRAMESIZE_40($sp)
 596 02d8 AFB30010		sw	$s3, -24+FRAMESIZE_40($sp)
 597 02dc AFB2000C		sw	$s2, -28+FRAMESIZE_40($sp)
 598 02e0 AFB10008		sw	$s1, -32+FRAMESIZE_40($sp)
 599 02e4 AFB00004		sw	$s0, -36+FRAMESIZE_40($sp)
 600 02e8               
 601 02e8 00808021		move	$s0, $a0	# s0 will be your pointer to figure
 602 02ec               				# since a0 is needed by the syscalls
 603 02ec               
 604 02ec               #***** BEGIN STUDENT CODE BLOCK 2 ********************************
 605 02ec               #
 606 02ec               # Print the figure's width using PRINT_INT. At this point, s0 contains
 607 02ec               # the address of the figure object, and shouldn't be changed.
 608 02ec               #
 609 02ec               # Note that this does not involve any polymorphic functions.
 610 02ec               #
 611 02ec 34020001		li $v0, PRINT_INT
 612 02f0 8E040004		lw $a0, 4($s0)
 613 02f4 0000000C		syscall
 614 02f8               #***** END STUDENT CODE BLOCK 2 **********************************
 615 02f8               
 616 02f8 34020004		li 	$v0, PRINT_STRING	# print ','
 617 02fc 3C040000		la 	$a0, comma_string
     0300 34840000
 618 0304 0000000C		syscall
 619 0308               
 620 0308               #***** BEGIN STUDENT CODE BLOCK 3 ********************************
 621 0308               #
 622 0308               # Print the figure's height using PRINT_INT. At this point, s0 contains
 623 0308               # the address of the figure object, and shouldn't be changed.
 624 0308               #
 625 0308               # Note that this does not involve any polymorphic functions.
 626 0308               #
 627 0308 34020001		li $v0, PRINT_INT
 628 030c 8E040008		lw $a0, 8($s0)
 629 0310 0000000C		syscall
 630 0314               #***** END STUDENT CODE BLOCK 3 **********************************
 631 0314               	
 632 0314 34020004		li 	$v0, PRINT_STRING 	# print ') - area = '
 633 0318 3C040000		la 	$a0, area_string
     031c 34840000
 634 0320 0000000C		syscall
 635 0324               
 636 0324               #***** BEGIN STUDENT CODE BLOCK 4 ********************************
 637 0324               #
 638 0324               # Print the figure's area using PRINT_INT. At this point, s0 contains
 639 0324               # the address of the figure object, and shouldn't be changed.
 640 0324               #
 641 0324 8E080000		lw $t0, 0($s0)
 642 0328 8D080000		lw $t0, 0($t0)
 643 032c 0100F809		jalr $t0
 644 0330 00402021		move $a0, $v0
 645 0334 34020001		li $v0, PRINT_INT
 646 0338 0000000C		syscall
 647 033c               #***** END STUDENT CODE BLOCK 4 **********************************
 648 033c               	
 649 033c 34020004		li 	$v0, PRINT_STRING	# print '; perimeter = '
 650 0340 3C040000		la 	$a0, perimeter_string
     0344 34840000
 651 0348 0000000C		syscall
 652 034c               
 653 034c               #***** BEGIN STUDENT CODE BLOCK 5 ********************************
 654 034c               #
 655 034c               # Print the figure's perimeter using PRINT_INT. At this point, s0
 656 034c               # contains the address of the figure object, and shouldn't be changed.
 657 034c               #
 658 034c 8E080000		lw $t0, 0($s0)
 659 0350 8D080004		lw $t0, 4($t0)
 660 0354 0100F809		jalr $t0
 661 0358 00402021		move $a0, $v0
 662 035c 34020001		li $v0, PRINT_INT
 663 0360 0000000C		syscall
 664 0364               #***** END STUDENT CODE BLOCK 5 **********************************
 665 0364               
 666 0364               	
 667 0364 34020004		li 	$v0, PRINT_STRING	# print newline
 668 0368 3C040000		la 	$a0, new_line
     036c 34840000
 669 0370 0000000C		syscall
 670 0374               
 671 0374               	#
 672 0374               	# Restore all the S registers
 673 0374               	#
 674 0374 8FBF0024		lw	$ra, -4+FRAMESIZE_40($sp)
 675 0378 8FB70020		lw	$s7, -8+FRAMESIZE_40($sp)
 676 037c 8FB6001C		lw	$s6, -12+FRAMESIZE_40($sp)
 677 0380 8FB50018		lw	$s5, -16+FRAMESIZE_40($sp)
 678 0384 8FB40014		lw	$s4, -20+FRAMESIZE_40($sp)
 679 0388 8FB30010		lw	$s3, -24+FRAMESIZE_40($sp)
 680 038c 8FB2000C		lw	$s2, -28+FRAMESIZE_40($sp)
 681 0390 8FB10008		lw	$s1, -32+FRAMESIZE_40($sp)
 682 0394 8FB00004		lw	$s0, -36+FRAMESIZE_40($sp)
 683 0398 23BD0028		addi	$sp, $sp, FRAMESIZE_40
 684 039c               
 685 039c 03E00008		jr	$ra


FRAMESIZE_24              = 00000018   
FRAMESIZE_40              = 00000028   
FRAMESIZE_48              = 00000030   
FRAMESIZE_8               = 00000008   
PI                        = 00000003   
PRINT_INT                 = 00000001   
PRINT_STRING              = 00000004   
READ_INT                  = 00000005   
READ_STRING               = 00000008   
area_string                 0000051C R  data 
block_area                  000000DC R  text 
block_make                  000000B8 R  text 
block_perimeter             00000100 R  text 
block_string                00000512 R  data 
block_vtbl                  0000053C R  data 
cd_height_bigger            000001CC R  text 
char_b                      000004CC R  data 
char_c                      000004CB R  data 
circle_area                 00000158 R  text 
circle_diameter             000001B4 R  text 
circle_make                 00000134 R  text 
circle_perimeter            00000190 R  text 
circle_string               00000509 R  data 
circle_vtbl                 00000544 R  data 
comma_string                0000051A R  data 
done_output                 00000294 R  text 
fig_char                    000004C0 R  data 
fig_height                  000004BC R  data 
fig_width                   000004B8 R  data 
figure_make                 000000AC R  text 
figure_type_error_string    000004F4 R  data 
main                        00000000 RG text 
new_error                   000004CD R  data 
new_figure                  0000005C R  text 
new_figure_ok               0000008C R  text 
new_line                    00000537 R  data 
next                        00000000 R  data 
not_anything                00000284 R  text 
not_circle                  00000254 R  text 
output_figures              000001D4 R  text 
perimeter_string            00000528 R  data 
pool                        00000004 R  data 
pool_end                    000004B4 R  data 
print_rest                  000002C0 R  text 
